<?xml version="1.0" encoding="UTF-8"?>
<!-- Generated by org.testng.reporters.JUnitReportReporter -->
<testsuite hostname="LAPTOP-BDM6FK70" failures="0" tests="5" name="tests.TestCases" time="40.373" errors="0" timestamp="2022-10-12T23:42:49 IST" skipped="0">
  <testcase classname="tests.TestCases" name="TC_2" time="8.151"/>
  <system-out/>
  <testcase classname="tests.TestCases" name="TC_5" time="8.000"/>
  <system-out/>
  <testcase classname="tests.TestCases" name="TC_1" time="8.397"/>
  <system-out/>
  <testcase classname="tests.TestCases" name="TC_3" time="7.710"/>
  <system-out/>
  <testcase classname="tests.TestCases" name="TC_4" time="8.115"/>
  <system-out/>
</testsuite> <!-- tests.TestCases -->
